<?xml version="1.0" encoding="UTF-8"?>
<testng-results ignored="0" total="1" passed="1" failed="0" skipped="0">
  <reporter-output>
  </reporter-output>
  <suite started-at="2024-09-20T10:23:01 IST" name="Suite" finished-at="2024-09-20T10:23:17 IST" duration-ms="16144">
    <groups>
    </groups>
    <test started-at="2024-09-20T10:23:01 IST" name="Test" finished-at="2024-09-20T10:23:17 IST" duration-ms="16144">
      <class name="Luma_Testcases.TC_01_Luma_Registration">
        <test-method is-config="true" signature="openApplication(java.lang.String,java.lang.String)[pri:0, instance:Luma_Testcases.TC_01_Luma_Registration@198b6731]" started-at="2024-09-20T10:23:01 IST" name="openApplication" finished-at="2024-09-20T10:23:12 IST" duration-ms="10605" status="PASS">
          <params>
            <param index="0">
              <value>
                <![CDATA[chrome]]>
              </value>
            </param>
            <param index="1">
              <value>
                <![CDATA[https://magento.softwaretestingboard.com/customer/account/create/]]>
              </value>
            </param>
          </params>
          <reporter-output>
          </reporter-output>
        </test-method> <!-- openApplication -->
        <test-method signature="LumaRegistration()[pri:0, instance:Luma_Testcases.TC_01_Luma_Registration@198b6731]" started-at="2024-09-20T10:23:12 IST" name="LumaRegistration" finished-at="2024-09-20T10:23:17 IST" duration-ms="5261" status="PASS">
          <reporter-output>
          </reporter-output>
        </test-method> <!-- LumaRegistration -->
        <test-method is-config="true" signature="closeApplication()[pri:0, instance:Luma_Testcases.TC_01_Luma_Registration@198b6731]" started-at="2024-09-20T10:23:17 IST" name="closeApplication" finished-at="2024-09-20T10:23:17 IST" duration-ms="188" status="PASS">
          <reporter-output>
          </reporter-output>
        </test-method> <!-- closeApplication -->
      </class> <!-- Luma_Testcases.TC_01_Luma_Registration -->
    </test> <!-- Test -->
  </suite> <!-- Suite -->
</testng-results>
